<?xml version="1.0" encoding="UTF-8"?>
<beans xmlns="http://www.springframework.org/schema/beans"
       xmlns:xsi="http://www.w3.org/2001/XMLSchema-instance"
       xmlns:tx="http://www.springframework.org/schema/tx"
       xmlns:repository="http://www.springframework.org/schema/data/repository"
       xmlns:jpa="http://www.springframework.org/schema/data/jpa"
       xsi:schemaLocation="
           http://www.springframework.org/schema/beans
           http://www.springframework.org/schema/beans/spring-beans-3.0.xsd
           http://www.springframework.org/schema/tx
           http://www.springframework.org/schema/tx/spring-tx.xsd
           http://www.springframework.org/schema/data/jpa
           http://www.springframework.org/schema/data/jpa/spring-jpa.xsd
           http://www.springframework.org/schema/data/repository
           http://www.springframework.org/schema/data/repository/spring-repository.xsd">

    <!-- Hibernate-JPA settings -->
    <jpa:repositories base-package="edu.usc.lunchnlearn.springmvc.dao"/>

    <bean id="dataSource" class="org.springframework.jdbc.datasource.DriverManagerDataSource">
        <property name="driverClassName" value="org.hsqldb.jdbcDriver"/>
        <property name="url" value="jdbc:hsqldb:mem:spring"/>
        <property name="username" value="sa"/>
        <property name="password" value=""/>
    </bean>

    <bean id="entityManagerFactory" class="org.springframework.orm.jpa.LocalContainerEntityManagerFactoryBean">
        <property name="dataSource" ref="dataSource"/>
        <property name="packagesToScan" value="edu.usc.lunchnlearn.springmvc.dao"/>
        <property name="jpaVendorAdapter">
            <bean class="org.springframework.orm.jpa.vendor.HibernateJpaVendorAdapter"/>
        </property>
        <property name="jpaProperties">
            <props>
                <prop key="hibernate.hbm2ddl.auto">create-drop</prop>
                <prop key="hibernate.dialect">org.hibernate.dialect.HSQLDialect</prop>
            </props>
        </property>
    </bean>

    <bean id="transactionManager" class="org.springframework.orm.jpa.JpaTransactionManager">
        <property name="entityManagerFactory" ref="entityManagerFactory"/>
    </bean>

    <tx:annotation-driven transaction-manager="transactionManager"/>

    <repository:jackson2-populator id="jackson2-populator" locations="classpath:data.json"/>

</beans>


        <!--<?xml version="1.0" encoding="UTF-8"?>-->
        <!--<beans xmlns="http://www.springframework.org/schema/beans"-->
        <!--xmlns:xsi="http://www.w3.org/2001/XMLSchema-instance"-->
        <!--xmlns:tx="http://www.springframework.org/schema/tx"-->
        <!--xmlns:repository="http://www.springframework.org/schema/data/repository"-->
        <!--xmlns:jpa="http://www.springframework.org/schema/data/jpa"-->
        <!--xsi:schemaLocation="-->
        <!--http://www.springframework.org/schema/beans-->
        <!--http://www.springframework.org/schema/beans/spring-beans-3.0.xsd-->
        <!--http://www.springframework.org/schema/tx-->
        <!--http://www.springframework.org/schema/tx/spring-tx.xsd-->
        <!--http://www.springframework.org/schema/data/jpa-->
        <!--http://www.springframework.org/schema/data/jpa/spring-jpa.xsd-->
        <!--http://www.springframework.org/schema/data/repository-->
        <!--http://www.springframework.org/schema/data/repository/spring-repository.xsd">-->


        <!--&lt;!&ndash; Hibernate-JPA settings &ndash;&gt;-->
        <!--<jpa:repositories base-package="edu.usc.lunchnlearn.springmvc.dao"/>-->

        <!--<bean id="entityManagerFactory" class="org.springframework.orm.jpa.LocalContainerEntityManagerFactoryBean">-->
        <!--<property name="persistenceUnitName" value="defaultPersistenceUnit"/>-->
        <!--<property name="packagesToScan" value="edu.usc.lunchnlearn.springmvc.dao" />-->
        <!--</bean>-->

        <!--<bean id="transactionManager" class="org.springframework.orm.jpa.JpaTransactionManager">-->
        <!--<property name="entityManagerFactory" ref="entityManagerFactory" />-->
        <!--</bean>-->

        <!--<tx:annotation-driven transaction-manager="transactionManager"/>-->


        <!--<repository:jackson2-populator id="jackson2-populator" locations="classpath:data.json" />-->


        <!--</beans>-->


